Build started 12/10/2013 8:59:24 PM.
     1>Project "C:\Users\Ian\Documents\GitHub\RuberSystem\ruberSystem.vcxproj" on node 2 (Build target(s)).
     1>ClCompile:
         C:\Program Files\Microsoft Visual Studio 11.0\VC\bin\CL.exe /c /ZI /nologo /W3 /WX- /Od /Oy- /D _CRT_SECURE_NO_DEPRECATE /D _MBCS /Gm /EHsc /RTC1 /MDd /GS /fp:precise /Zc:wchar_t /Zc:forScope /Fo"Debug\\" /Fd"Debug\vc110.pdb" /Gd /TP /analyze- /errorReport:prompt ruberSystem.cpp
         ruberSystem.cpp
         GLM: Windows platform detected
         GLM: Visual C++ compiler detected
         GLM: 32 bits model
         GLM: C++ with VC language extensions
         GLM: SSE2 instruction set
         GLM: x,y,z,w; r,g,b,a; s,t,p,q component names for all vector types
         GLM: Swizzling operators enabled
         GLM: Core library included
         GLM: GLM_GTC_half_float extension included
         GLM: GLM_GTC_constants extension included
         GLM: GLM_GTC_matrix_transform extension included
         GLM: GLM_GTC_quaternion extension included
         GLM: GLM_GTC_type_ptr extension included
     1>c:\users\ian\documents\github\rubersystem\rubersystem.cpp(480): warning C4101: 'str' : unreferenced local variable
     1>c:\users\ian\documents\github\rubersystem\includes465\trimodel465.h(94): warning C4715: 'loadTriModel' : not all control paths return a value
       Link:
         C:\Program Files\Microsoft Visual Studio 11.0\VC\bin\link.exe /ERRORREPORT:PROMPT /OUT:"C:\Users\Ian\Documents\GitHub\RuberSystem\Debug\ruberSystem.exe" /INCREMENTAL /NOLOGO freeglut.lib glew32.lib kernel32.lib user32.lib gdi32.lib winspool.lib comdlg32.lib advapi32.lib shell32.lib ole32.lib oleaut32.lib uuid.lib odbc32.lib odbccp32.lib /MANIFEST /MANIFESTUAC:"level='asInvoker' uiAccess='false'" /manifest:embed /DEBUG /PDB:"C:\Users\Ian\Documents\GitHub\RuberSystem\Debug\ruberSystem.pdb" /TLBID:1 /DYNAMICBASE /NXCOMPAT /IMPLIB:"C:\Users\Ian\Documents\GitHub\RuberSystem\Debug\ruberSystem.lib" /MACHINE:X86 Debug\ruberSystem.obj
         ruberSystem.vcxproj -> C:\Users\Ian\Documents\GitHub\RuberSystem\Debug\ruberSystem.exe
     1>Done Building Project "C:\Users\Ian\Documents\GitHub\RuberSystem\ruberSystem.vcxproj" (Build target(s)).

Build succeeded.

Time Elapsed 00:00:02.08
